<?xml version="1.0" encoding="UTF-8"?>
<!-- Generated by org.testng.reporters.JUnitReportReporter -->
<testsuite skipped="0" hostname="DESKTOP-9PGB7JV" name="Org.qsp.testngdemo.AssertDemo" tests="1" failures="0" timestamp="2020-10-23T00:23:20 IST" time="0.022" errors="0">
  <testcase name="m1" time="0.022" classname="Org.qsp.testngdemo.AssertDemo"/>
  <system-out/>
</testsuite> <!-- Org.qsp.testngdemo.AssertDemo -->
